\BOOKMARK [0][-]{chapter.1}{Introduction}{}% 1
\BOOKMARK [1][-]{section.1.1}{Getting Started}{chapter.1}% 2
\BOOKMARK [-1][-]{part.1}{Using Maltcms}{}% 3
\BOOKMARK [0][-]{chapter.2}{Installation}{part.1}% 4
\BOOKMARK [1][-]{section.2.1}{Maltcms Command Line Arguments}{chapter.2}% 5
\BOOKMARK [2][-]{subsection.2.1.1}{Handling Files}{section.2.1}% 6
\BOOKMARK [2][-]{subsection.2.1.2}{Handling Output}{section.2.1}% 7
\BOOKMARK [1][-]{section.2.2}{Platform Dependent Wrapper Scripts}{chapter.2}% 8
\BOOKMARK [2][-]{subsection.2.2.1}{MS Windows}{section.2.2}% 9
\BOOKMARK [2][-]{subsection.2.2.2}{MacOS X}{section.2.2}% 10
\BOOKMARK [2][-]{subsection.2.2.3}{Linux/Windows}{section.2.2}% 11
\BOOKMARK [0][-]{chapter.3}{Usage Scenarios}{part.1}% 12
\BOOKMARK [1][-]{section.3.1}{One-Dimensional Chromatography}{chapter.3}% 13
\BOOKMARK [2][-]{subsection.3.1.1}{Pyrolysis\205Gas Chromatography}{section.3.1}% 14
\BOOKMARK [2][-]{subsection.3.1.2}{Gas Chromatography\205Mass Spectrometry}{section.3.1}% 15
\BOOKMARK [2][-]{subsection.3.1.3}{Liquid Chromatography\205Mass Spectrometry}{section.3.1}% 16
\BOOKMARK [1][-]{section.3.2}{Two-Dimensional Chromatography}{chapter.3}% 17
\BOOKMARK [2][-]{subsection.3.2.1}{Modulation Methods}{section.3.2}% 18
\BOOKMARK [2][-]{subsection.3.2.2}{GCxGC\205Mass Spectrometry}{section.3.2}% 19
\BOOKMARK [2][-]{subsection.3.2.3}{LCxLC\205Mass Spectrometry}{section.3.2}% 20
\BOOKMARK [1][-]{section.3.3}{Putative Compound Identification}{chapter.3}% 21
\BOOKMARK [1][-]{section.3.4}{Quantification}{chapter.3}% 22
\BOOKMARK [-1][-]{part.2}{Developing Maltcms}{}% 23
\BOOKMARK [0][-]{chapter.4}{Concepts}{part.2}% 24
\BOOKMARK [1][-]{section.4.1}{Testing Framework}{chapter.4}% 25
\BOOKMARK [2][-]{subsection.4.1.1}{Plain Unit Testing}{section.4.1}% 26
\BOOKMARK [2][-]{subsection.4.1.2}{Integration Testing}{section.4.1}% 27
\BOOKMARK [2][-]{subsection.4.1.3}{Using the Maltcms Testing Infrastructure}{section.4.1}% 28
\BOOKMARK [0][-]{chapter*.10}{Appendix}{part.2}% 29
